C:\Users\Ben\Desktop\Dashboard Projects\bendapkiewicz\SDK\GLSDK-cpp\projects\win32\GlassLabSDK\GlassLabSDK\Release_dll\cl.command.1.tlog
C:\Users\Ben\Desktop\Dashboard Projects\bendapkiewicz\SDK\GLSDK-cpp\projects\win32\GlassLabSDK\GlassLabSDK\Release_dll\CL.read.1.tlog
C:\Users\Ben\Desktop\Dashboard Projects\bendapkiewicz\SDK\GLSDK-cpp\projects\win32\GlassLabSDK\GlassLabSDK\Release_dll\CL.write.1.tlog
C:\USERS\BEN\DESKTOP\DASHBOARD PROJECTS\BENDAPKIEWICZ\SDK\GLSDK-CPP\PROJECTS\WIN32\GLASSLABSDK\GLASSLABSDK\RELEASE_DLL\CPPSQLITE3.OBJ
C:\USERS\BEN\DESKTOP\DASHBOARD PROJECTS\BENDAPKIEWICZ\SDK\GLSDK-CPP\PROJECTS\WIN32\GLASSLABSDK\GLASSLABSDK\RELEASE_DLL\GLASSLAB_SDK.OBJ
C:\USERS\BEN\DESKTOP\DASHBOARD PROJECTS\BENDAPKIEWICZ\SDK\GLSDK-CPP\PROJECTS\WIN32\GLASSLABSDK\GLASSLABSDK\RELEASE_DLL\GLASSLAB_SDK_LIB_EXPORT.OBJ
C:\USERS\BEN\DESKTOP\DASHBOARD PROJECTS\BENDAPKIEWICZ\SDK\GLSDK-CPP\PROJECTS\WIN32\GLASSLABSDK\GLASSLABSDK\RELEASE_DLL\GLASSLABSDK.DLL.INTERMEDIATE.MANIFEST
C:\Users\Ben\Desktop\Dashboard Projects\bendapkiewicz\SDK\GLSDK-cpp\projects\win32\GlassLabSDK\GlassLabSDK\Release_dll\GlassLabSDK.write.1.tlog
C:\USERS\BEN\DESKTOP\DASHBOARD PROJECTS\BENDAPKIEWICZ\SDK\GLSDK-CPP\PROJECTS\WIN32\GLASSLABSDK\GLASSLABSDK\RELEASE_DLL\GLSDK_CORE.OBJ
C:\USERS\BEN\DESKTOP\DASHBOARD PROJECTS\BENDAPKIEWICZ\SDK\GLSDK-CPP\PROJECTS\WIN32\GLASSLABSDK\GLASSLABSDK\RELEASE_DLL\GLSDK_DATA_SYNC.OBJ
C:\Users\Ben\Desktop\Dashboard Projects\bendapkiewicz\SDK\GLSDK-cpp\projects\win32\GlassLabSDK\GlassLabSDK\Release_dll\link.command.1.tlog
C:\Users\Ben\Desktop\Dashboard Projects\bendapkiewicz\SDK\GLSDK-cpp\projects\win32\GlassLabSDK\GlassLabSDK\Release_dll\link.read.1.tlog
C:\Users\Ben\Desktop\Dashboard Projects\bendapkiewicz\SDK\GLSDK-cpp\projects\win32\GlassLabSDK\GlassLabSDK\Release_dll\link.write.1.tlog
C:\Users\Ben\Desktop\Dashboard Projects\bendapkiewicz\SDK\GLSDK-cpp\projects\win32\GlassLabSDK\GlassLabSDK\Release_dll\mt.command.1.tlog
C:\Users\Ben\Desktop\Dashboard Projects\bendapkiewicz\SDK\GLSDK-cpp\projects\win32\GlassLabSDK\GlassLabSDK\Release_dll\mt.read.1.tlog
C:\Users\Ben\Desktop\Dashboard Projects\bendapkiewicz\SDK\GLSDK-cpp\projects\win32\GlassLabSDK\GlassLabSDK\Release_dll\mt.write.1.tlog
C:\USERS\BEN\DESKTOP\DASHBOARD PROJECTS\BENDAPKIEWICZ\SDK\GLSDK-CPP\PROJECTS\WIN32\GLASSLABSDK\GLASSLABSDK\RELEASE_DLL\VC90.PDB
C:\USERS\BEN\DESKTOP\DASHBOARD PROJECTS\BENDAPKIEWICZ\SDK\GLSDK-CPP\PROJECTS\WIN32\GLASSLABSDK\RELEASE_DLL\GLASSLABSDK.DLL
C:\Users\Ben\Desktop\Dashboard Projects\bendapkiewicz\SDK\GLSDK-cpp\projects\win32\GlassLabSDK\Release_dll\GlassLabSDK.exp
C:\Users\Ben\Desktop\Dashboard Projects\bendapkiewicz\SDK\GLSDK-cpp\projects\win32\GlassLabSDK\Release_dll\GlassLabSDK.lib
